<?xml version="1.0" encoding="UTF-8"?>
<testsuite name="com.tk.support.ehr.EhrApplicationTests" tests="1" skipped="0" failures="0" errors="0" timestamp="2019-05-08T03:53:06" hostname="USER-20160413XE" time="0.425">
  <properties/>
  <testcase name="contextLoads" classname="com.tk.support.ehr.EhrApplicationTests" time="0.425"/>
  <system-out><![CDATA[11:53:01.560 [Test worker] DEBUG org.springframework.test.context.junit4.SpringJUnit4ClassRunner - SpringJUnit4ClassRunner constructor called with [class com.tk.support.ehr.EhrApplicationTests]
11:53:01.570 [Test worker] DEBUG org.springframework.test.context.BootstrapUtils - Instantiating CacheAwareContextLoaderDelegate from class [org.springframework.test.context.cache.DefaultCacheAwareContextLoaderDelegate]
11:53:01.586 [Test worker] DEBUG org.springframework.test.context.BootstrapUtils - Instantiating BootstrapContext using constructor [public org.springframework.test.context.support.DefaultBootstrapContext(java.lang.Class,org.springframework.test.context.CacheAwareContextLoaderDelegate)]
11:53:01.639 [Test worker] DEBUG org.springframework.test.context.BootstrapUtils - Instantiating TestContextBootstrapper for test class [com.tk.support.ehr.EhrApplicationTests] from class [org.springframework.boot.test.context.SpringBootTestContextBootstrapper]
11:53:01.661 [Test worker] INFO org.springframework.boot.test.context.SpringBootTestContextBootstrapper - Neither @ContextConfiguration nor @ContextHierarchy found for test class [com.tk.support.ehr.EhrApplicationTests], using SpringBootContextLoader
11:53:01.666 [Test worker] DEBUG org.springframework.test.context.support.AbstractContextLoader - Did not detect default resource location for test class [com.tk.support.ehr.EhrApplicationTests]: class path resource [com/tk/support/ehr/EhrApplicationTests-context.xml] does not exist
11:53:01.666 [Test worker] DEBUG org.springframework.test.context.support.AbstractContextLoader - Did not detect default resource location for test class [com.tk.support.ehr.EhrApplicationTests]: class path resource [com/tk/support/ehr/EhrApplicationTestsContext.groovy] does not exist
11:53:01.666 [Test worker] INFO org.springframework.test.context.support.AbstractContextLoader - Could not detect default resource locations for test class [com.tk.support.ehr.EhrApplicationTests]: no resource found for suffixes {-context.xml, Context.groovy}.
11:53:01.668 [Test worker] INFO org.springframework.test.context.support.AnnotationConfigContextLoaderUtils - Could not detect default configuration classes for test class [com.tk.support.ehr.EhrApplicationTests]: EhrApplicationTests does not declare any static, non-private, non-final, nested classes annotated with @Configuration.
11:53:01.739 [Test worker] DEBUG org.springframework.test.context.support.ActiveProfilesUtils - Could not find an 'annotation declaring class' for annotation type [org.springframework.test.context.ActiveProfiles] and class [com.tk.support.ehr.EhrApplicationTests]
11:53:01.834 [Test worker] DEBUG org.springframework.context.annotation.ClassPathScanningCandidateComponentProvider - Identified candidate component class: file [H:\workspace\tk\TK\build\classes\java\main\com\tk\support\ehr\EhrApplication.class]
11:53:01.836 [Test worker] INFO org.springframework.boot.test.context.SpringBootTestContextBootstrapper - Found @SpringBootConfiguration com.tk.support.ehr.EhrApplication for test class com.tk.support.ehr.EhrApplicationTests
11:53:02.025 [Test worker] DEBUG org.springframework.boot.test.context.SpringBootTestContextBootstrapper - @TestExecutionListeners is not present for class [com.tk.support.ehr.EhrApplicationTests]: using defaults.
11:53:02.026 [Test worker] INFO org.springframework.boot.test.context.SpringBootTestContextBootstrapper - Loaded default TestExecutionListener class names from location [META-INF/spring.factories]: [org.springframework.boot.test.autoconfigure.restdocs.RestDocsTestExecutionListener, org.springframework.boot.test.autoconfigure.web.client.MockRestServiceServerResetTestExecutionListener, org.springframework.boot.test.autoconfigure.web.servlet.MockMvcPrintOnlyOnFailureTestExecutionListener, org.springframework.boot.test.autoconfigure.web.servlet.WebDriverTestExecutionListener, org.springframework.boot.test.mock.mockito.MockitoTestExecutionListener, org.springframework.boot.test.mock.mockito.ResetMocksTestExecutionListener, org.springframework.test.context.web.ServletTestExecutionListener, org.springframework.test.context.support.DirtiesContextBeforeModesTestExecutionListener, org.springframework.test.context.support.DependencyInjectionTestExecutionListener, org.springframework.test.context.support.DirtiesContextTestExecutionListener, org.springframework.test.context.transaction.TransactionalTestExecutionListener, org.springframework.test.context.jdbc.SqlScriptsTestExecutionListener]
11:53:02.043 [Test worker] DEBUG org.springframework.boot.test.context.SpringBootTestContextBootstrapper - Skipping candidate TestExecutionListener [org.springframework.test.context.transaction.TransactionalTestExecutionListener] due to a missing dependency. Specify custom listener classes or make the default listener classes and their required dependencies available. Offending class: [org/springframework/transaction/interceptor/TransactionAttributeSource]
11:53:02.044 [Test worker] DEBUG org.springframework.boot.test.context.SpringBootTestContextBootstrapper - Skipping candidate TestExecutionListener [org.springframework.test.context.jdbc.SqlScriptsTestExecutionListener] due to a missing dependency. Specify custom listener classes or make the default listener classes and their required dependencies available. Offending class: [org/springframework/transaction/interceptor/TransactionAttribute]
11:53:02.044 [Test worker] INFO org.springframework.boot.test.context.SpringBootTestContextBootstrapper - Using TestExecutionListeners: [org.springframework.test.context.web.ServletTestExecutionListener@34a72b4f, org.springframework.test.context.support.DirtiesContextBeforeModesTestExecutionListener@5392999a, org.springframework.boot.test.mock.mockito.MockitoTestExecutionListener@69ab372a, org.springframework.boot.test.autoconfigure.SpringBootDependencyInjectionTestExecutionListener@ef9b7de, org.springframework.test.context.support.DirtiesContextTestExecutionListener@389081d, org.springframework.boot.test.autoconfigure.restdocs.RestDocsTestExecutionListener@44901fbf, org.springframework.boot.test.autoconfigure.web.client.MockRestServiceServerResetTestExecutionListener@74b26260, org.springframework.boot.test.autoconfigure.web.servlet.MockMvcPrintOnlyOnFailureTestExecutionListener@37b66c6f, org.springframework.boot.test.autoconfigure.web.servlet.WebDriverTestExecutionListener@7c344364, org.springframework.boot.test.mock.mockito.ResetMocksTestExecutionListener@389dc6ba]
11:53:02.048 [Test worker] DEBUG org.springframework.test.annotation.ProfileValueUtils - Retrieved @ProfileValueSourceConfiguration [null] for test class [com.tk.support.ehr.EhrApplicationTests]
11:53:02.049 [Test worker] DEBUG org.springframework.test.annotation.ProfileValueUtils - Retrieved ProfileValueSource type [class org.springframework.test.annotation.SystemProfileValueSource] for class [com.tk.support.ehr.EhrApplicationTests]
11:53:02.050 [Test worker] DEBUG org.springframework.test.annotation.ProfileValueUtils - Retrieved @ProfileValueSourceConfiguration [null] for test class [com.tk.support.ehr.EhrApplicationTests]
11:53:02.050 [Test worker] DEBUG org.springframework.test.annotation.ProfileValueUtils - Retrieved ProfileValueSource type [class org.springframework.test.annotation.SystemProfileValueSource] for class [com.tk.support.ehr.EhrApplicationTests]
11:53:02.058 [Test worker] DEBUG org.springframework.test.context.support.AbstractDirtiesContextTestExecutionListener - Before test class: context [DefaultTestContext@79b975ea testClass = EhrApplicationTests, testInstance = [null], testMethod = [null], testException = [null], mergedContextConfiguration = [WebMergedContextConfiguration@2d766908 testClass = EhrApplicationTests, locations = '{}', classes = '{class com.tk.support.ehr.EhrApplication}', contextInitializerClasses = '[]', activeProfiles = '{}', propertySourceLocations = '{}', propertySourceProperties = '{org.springframework.boot.test.context.SpringBootTestContextBootstrapper=true}', contextCustomizers = set[org.springframework.boot.test.autoconfigure.properties.PropertyMappingContextCustomizer@0, org.springframework.boot.test.autoconfigure.web.servlet.WebDriverContextCustomizerFactory$Customizer@2b676312, org.springframework.boot.test.context.filter.ExcludeFilterContextCustomizer@880150f, org.springframework.boot.test.json.DuplicateJsonObjectContextCustomizerFactory$DuplicateJsonObjectContextCustomizer@56c25eb7, org.springframework.boot.test.mock.mockito.MockitoContextCustomizer@0, org.springframework.boot.test.web.client.TestRestTemplateContextCustomizer@34c3c920], resourceBasePath = 'src/main/webapp', contextLoader = 'org.springframework.boot.test.context.SpringBootContextLoader', parent = [null]], attributes = map['org.springframework.test.context.web.ServletTestExecutionListener.activateListener' -> true]], class annotated with @DirtiesContext [false] with mode [null].
11:53:02.059 [Test worker] DEBUG org.springframework.test.annotation.ProfileValueUtils - Retrieved @ProfileValueSourceConfiguration [null] for test class [com.tk.support.ehr.EhrApplicationTests]
11:53:02.059 [Test worker] DEBUG org.springframework.test.annotation.ProfileValueUtils - Retrieved ProfileValueSource type [class org.springframework.test.annotation.SystemProfileValueSource] for class [com.tk.support.ehr.EhrApplicationTests]
11:53:02.091 [Test worker] DEBUG org.springframework.test.context.support.TestPropertySourceUtils - Adding inlined properties to environment: {spring.jmx.enabled=false, org.springframework.boot.test.context.SpringBootTestContextBootstrapper=true, server.port=-1}

  .   ____          _            __ _ _
 /\\ / ___'_ __ _ _(_)_ __  __ _ \ \ \ \
( ( )\___ | '_ | '_| | '_ \/ _` | \ \ \ \
 \\/  ___)| |_)| | | | | || (_| |  ) ) ) )
  '  |____| .__|_| |_|_| |_\__, | / / / /
 =========|_|==============|___/=/_/_/_/
 :: Spring Boot ::        (v2.1.4.RELEASE)

2019-05-08 11:53:02.742  INFO 8480 --- [    Test worker] com.tk.support.ehr.EhrApplicationTests   : Starting EhrApplicationTests on USER-20160413XE with PID 8480 (started by Administrator in H:\workspace\tk\TK)
2019-05-08 11:53:02.745  INFO 8480 --- [    Test worker] com.tk.support.ehr.EhrApplicationTests   : No active profile set, falling back to default profiles: default
2019-05-08 11:53:06.369  INFO 8480 --- [    Test worker] o.s.s.concurrent.ThreadPoolTaskExecutor  : Initializing ExecutorService 'applicationTaskExecutor'
2019-05-08 11:53:06.858  INFO 8480 --- [    Test worker] com.tk.support.ehr.EhrApplicationTests   : Started EhrApplicationTests in 4.748 seconds (JVM running for 6.552)
]]></system-out>
  <system-err><![CDATA[]]></system-err>
</testsuite>
